<?xml version="1.0" encoding="UTF-8"?>
<!-- Generated by org.testng.reporters.JUnitReportReporter -->
<testsuite hostname="wm0229pa.theranos.local" name="com.theranos.test.theranosios.MenuTest" tests="8" failures="8" timestamp="3 Apr 2014 18:23:27 GMT" time="0.003" errors="0">
  <testcase name="openProfile" time="0.000" classname="com.theranos.test.theranosios.MenuTest">
    <failure type="org.testng.TestNGException" message="
Parameter &#039;device&#039; is required by @Configuration on method getDevice but has not been marked @Optional or defined
in /private/var/folders/rd/d_5ss7j11ng8kk2k4cjyprjm0000gp/T/testng-eclipse-1866437451/testng-customsuite.xml">
      <![CDATA[org.testng.TestNGException: 
Parameter 'device' is required by @Configuration on method getDevice but has not been marked @Optional or defined
in /private/var/folders/rd/d_5ss7j11ng8kk2k4cjyprjm0000gp/T/testng-eclipse-1866437451/testng-customsuite.xml
	at org.testng.internal.Parameters.createParameters(Parameters.java:155)
	at org.testng.internal.Parameters.createParameters(Parameters.java:358)
	at org.testng.internal.Parameters.createConfigurationParameters(Parameters.java:86)
	at org.testng.internal.Invoker.invokeConfigurations(Invoker.java:199)
	at org.testng.internal.Invoker.invokeConfigurations(Invoker.java:138)
	at org.testng.SuiteRunner.privateRun(SuiteRunner.java:277)
	at org.testng.SuiteRunner.run(SuiteRunner.java:240)
	at org.testng.SuiteRunnerWorker.runSuite(SuiteRunnerWorker.java:52)
	at org.testng.SuiteRunnerWorker.run(SuiteRunnerWorker.java:86)
	at org.testng.TestNG.runSuitesSequentially(TestNG.java:1224)
	at org.testng.TestNG.runSuitesLocally(TestNG.java:1149)
	at org.testng.TestNG.run(TestNG.java:1057)
	at org.testng.remote.RemoteTestNG.run(RemoteTestNG.java:111)
	at org.testng.remote.RemoteTestNG.initAndRun(RemoteTestNG.java:204)
	at org.testng.remote.RemoteTestNG.main(RemoteTestNG.java:175)
]]>
    </failure>
  </testcase> <!-- openProfile -->
  <testcase name="openHome" time="0.001" classname="com.theranos.test.theranosios.MenuTest">
    <failure type="org.testng.TestNGException" message="
Parameter &#039;device&#039; is required by @Configuration on method getDevice but has not been marked @Optional or defined
in /private/var/folders/rd/d_5ss7j11ng8kk2k4cjyprjm0000gp/T/testng-eclipse-1866437451/testng-customsuite.xml">
      <![CDATA[org.testng.TestNGException: 
Parameter 'device' is required by @Configuration on method getDevice but has not been marked @Optional or defined
in /private/var/folders/rd/d_5ss7j11ng8kk2k4cjyprjm0000gp/T/testng-eclipse-1866437451/testng-customsuite.xml
	at org.testng.internal.Parameters.createParameters(Parameters.java:155)
	at org.testng.internal.Parameters.createParameters(Parameters.java:358)
	at org.testng.internal.Parameters.createConfigurationParameters(Parameters.java:86)
	at org.testng.internal.Invoker.invokeConfigurations(Invoker.java:199)
	at org.testng.internal.Invoker.invokeConfigurations(Invoker.java:138)
	at org.testng.SuiteRunner.privateRun(SuiteRunner.java:277)
	at org.testng.SuiteRunner.run(SuiteRunner.java:240)
	at org.testng.SuiteRunnerWorker.runSuite(SuiteRunnerWorker.java:52)
	at org.testng.SuiteRunnerWorker.run(SuiteRunnerWorker.java:86)
	at org.testng.TestNG.runSuitesSequentially(TestNG.java:1224)
	at org.testng.TestNG.runSuitesLocally(TestNG.java:1149)
	at org.testng.TestNG.run(TestNG.java:1057)
	at org.testng.remote.RemoteTestNG.run(RemoteTestNG.java:111)
	at org.testng.remote.RemoteTestNG.initAndRun(RemoteTestNG.java:204)
	at org.testng.remote.RemoteTestNG.main(RemoteTestNG.java:175)
]]>
    </failure>
  </testcase> <!-- openHome -->
  <testcase name="openLabOrders" time="0.001" classname="com.theranos.test.theranosios.MenuTest">
    <failure type="org.testng.TestNGException" message="
Parameter &#039;device&#039; is required by @Configuration on method getDevice but has not been marked @Optional or defined
in /private/var/folders/rd/d_5ss7j11ng8kk2k4cjyprjm0000gp/T/testng-eclipse-1866437451/testng-customsuite.xml">
      <![CDATA[org.testng.TestNGException: 
Parameter 'device' is required by @Configuration on method getDevice but has not been marked @Optional or defined
in /private/var/folders/rd/d_5ss7j11ng8kk2k4cjyprjm0000gp/T/testng-eclipse-1866437451/testng-customsuite.xml
	at org.testng.internal.Parameters.createParameters(Parameters.java:155)
	at org.testng.internal.Parameters.createParameters(Parameters.java:358)
	at org.testng.internal.Parameters.createConfigurationParameters(Parameters.java:86)
	at org.testng.internal.Invoker.invokeConfigurations(Invoker.java:199)
	at org.testng.internal.Invoker.invokeConfigurations(Invoker.java:138)
	at org.testng.SuiteRunner.privateRun(SuiteRunner.java:277)
	at org.testng.SuiteRunner.run(SuiteRunner.java:240)
	at org.testng.SuiteRunnerWorker.runSuite(SuiteRunnerWorker.java:52)
	at org.testng.SuiteRunnerWorker.run(SuiteRunnerWorker.java:86)
	at org.testng.TestNG.runSuitesSequentially(TestNG.java:1224)
	at org.testng.TestNG.runSuitesLocally(TestNG.java:1149)
	at org.testng.TestNG.run(TestNG.java:1057)
	at org.testng.remote.RemoteTestNG.run(RemoteTestNG.java:111)
	at org.testng.remote.RemoteTestNG.initAndRun(RemoteTestNG.java:204)
	at org.testng.remote.RemoteTestNG.main(RemoteTestNG.java:175)
]]>
    </failure>
  </testcase> <!-- openLabOrders -->
  <testcase name="openAbout" time="0.000" classname="com.theranos.test.theranosios.MenuTest">
    <failure type="org.testng.TestNGException" message="
Parameter &#039;device&#039; is required by @Test on method openAbout but has not been marked @Optional or defined
in /private/var/folders/rd/d_5ss7j11ng8kk2k4cjyprjm0000gp/T/testng-eclipse-1866437451/testng-customsuite.xml">
      <![CDATA[org.testng.TestNGException: 
Parameter 'device' is required by @Test on method openAbout but has not been marked @Optional or defined
in /private/var/folders/rd/d_5ss7j11ng8kk2k4cjyprjm0000gp/T/testng-eclipse-1866437451/testng-customsuite.xml
	at org.testng.internal.Parameters.createParameters(Parameters.java:155)
	at org.testng.internal.Parameters.createParameters(Parameters.java:358)
	at org.testng.internal.Parameters.handleParameters(Parameters.java:450)
	at org.testng.internal.Invoker.handleParameters(Invoker.java:1383)
	at org.testng.internal.Invoker.createParameters(Invoker.java:1075)
	at org.testng.internal.Invoker.invokeTestMethods(Invoker.java:1180)
	at org.testng.internal.TestMethodWorker.invokeTestMethods(TestMethodWorker.java:127)
	at org.testng.internal.TestMethodWorker.run(TestMethodWorker.java:111)
	at org.testng.TestRunner.privateRun(TestRunner.java:767)
	at org.testng.TestRunner.run(TestRunner.java:617)
	at org.testng.SuiteRunner.runTest(SuiteRunner.java:334)
	at org.testng.SuiteRunner.runSequentially(SuiteRunner.java:329)
	at org.testng.SuiteRunner.privateRun(SuiteRunner.java:291)
	at org.testng.SuiteRunner.run(SuiteRunner.java:240)
	at org.testng.SuiteRunnerWorker.runSuite(SuiteRunnerWorker.java:52)
	at org.testng.SuiteRunnerWorker.run(SuiteRunnerWorker.java:86)
	at org.testng.TestNG.runSuitesSequentially(TestNG.java:1224)
	at org.testng.TestNG.runSuitesLocally(TestNG.java:1149)
	at org.testng.TestNG.run(TestNG.java:1057)
	at org.testng.remote.RemoteTestNG.run(RemoteTestNG.java:111)
	at org.testng.remote.RemoteTestNG.initAndRun(RemoteTestNG.java:204)
	at org.testng.remote.RemoteTestNG.main(RemoteTestNG.java:175)
]]>
    </failure>
  </testcase> <!-- openAbout -->
  <testcase name="openAppointments" time="0.001" classname="com.theranos.test.theranosios.MenuTest">
    <failure type="org.testng.TestNGException" message="
Parameter &#039;device&#039; is required by @Configuration on method getDevice but has not been marked @Optional or defined
in /private/var/folders/rd/d_5ss7j11ng8kk2k4cjyprjm0000gp/T/testng-eclipse-1866437451/testng-customsuite.xml">
      <![CDATA[org.testng.TestNGException: 
Parameter 'device' is required by @Configuration on method getDevice but has not been marked @Optional or defined
in /private/var/folders/rd/d_5ss7j11ng8kk2k4cjyprjm0000gp/T/testng-eclipse-1866437451/testng-customsuite.xml
	at org.testng.internal.Parameters.createParameters(Parameters.java:155)
	at org.testng.internal.Parameters.createParameters(Parameters.java:358)
	at org.testng.internal.Parameters.createConfigurationParameters(Parameters.java:86)
	at org.testng.internal.Invoker.invokeConfigurations(Invoker.java:199)
	at org.testng.internal.Invoker.invokeConfigurations(Invoker.java:138)
	at org.testng.SuiteRunner.privateRun(SuiteRunner.java:277)
	at org.testng.SuiteRunner.run(SuiteRunner.java:240)
	at org.testng.SuiteRunnerWorker.runSuite(SuiteRunnerWorker.java:52)
	at org.testng.SuiteRunnerWorker.run(SuiteRunnerWorker.java:86)
	at org.testng.TestNG.runSuitesSequentially(TestNG.java:1224)
	at org.testng.TestNG.runSuitesLocally(TestNG.java:1149)
	at org.testng.TestNG.run(TestNG.java:1057)
	at org.testng.remote.RemoteTestNG.run(RemoteTestNG.java:111)
	at org.testng.remote.RemoteTestNG.initAndRun(RemoteTestNG.java:204)
	at org.testng.remote.RemoteTestNG.main(RemoteTestNG.java:175)
]]>
    </failure>
  </testcase> <!-- openAppointments -->
  <testcase name="openSettings" time="0.000" classname="com.theranos.test.theranosios.MenuTest">
    <failure type="org.testng.TestNGException" message="
Parameter &#039;device&#039; is required by @Configuration on method getDevice but has not been marked @Optional or defined
in /private/var/folders/rd/d_5ss7j11ng8kk2k4cjyprjm0000gp/T/testng-eclipse-1866437451/testng-customsuite.xml">
      <![CDATA[org.testng.TestNGException: 
Parameter 'device' is required by @Configuration on method getDevice but has not been marked @Optional or defined
in /private/var/folders/rd/d_5ss7j11ng8kk2k4cjyprjm0000gp/T/testng-eclipse-1866437451/testng-customsuite.xml
	at org.testng.internal.Parameters.createParameters(Parameters.java:155)
	at org.testng.internal.Parameters.createParameters(Parameters.java:358)
	at org.testng.internal.Parameters.createConfigurationParameters(Parameters.java:86)
	at org.testng.internal.Invoker.invokeConfigurations(Invoker.java:199)
	at org.testng.internal.Invoker.invokeConfigurations(Invoker.java:138)
	at org.testng.SuiteRunner.privateRun(SuiteRunner.java:277)
	at org.testng.SuiteRunner.run(SuiteRunner.java:240)
	at org.testng.SuiteRunnerWorker.runSuite(SuiteRunnerWorker.java:52)
	at org.testng.SuiteRunnerWorker.run(SuiteRunnerWorker.java:86)
	at org.testng.TestNG.runSuitesSequentially(TestNG.java:1224)
	at org.testng.TestNG.runSuitesLocally(TestNG.java:1149)
	at org.testng.TestNG.run(TestNG.java:1057)
	at org.testng.remote.RemoteTestNG.run(RemoteTestNG.java:111)
	at org.testng.remote.RemoteTestNG.initAndRun(RemoteTestNG.java:204)
	at org.testng.remote.RemoteTestNG.main(RemoteTestNG.java:175)
]]>
    </failure>
  </testcase> <!-- openSettings -->
  <testcase name="openLocations" time="0.000" classname="com.theranos.test.theranosios.MenuTest">
    <failure type="org.testng.TestNGException" message="
Parameter &#039;device&#039; is required by @Configuration on method getDevice but has not been marked @Optional or defined
in /private/var/folders/rd/d_5ss7j11ng8kk2k4cjyprjm0000gp/T/testng-eclipse-1866437451/testng-customsuite.xml">
      <![CDATA[org.testng.TestNGException: 
Parameter 'device' is required by @Configuration on method getDevice but has not been marked @Optional or defined
in /private/var/folders/rd/d_5ss7j11ng8kk2k4cjyprjm0000gp/T/testng-eclipse-1866437451/testng-customsuite.xml
	at org.testng.internal.Parameters.createParameters(Parameters.java:155)
	at org.testng.internal.Parameters.createParameters(Parameters.java:358)
	at org.testng.internal.Parameters.createConfigurationParameters(Parameters.java:86)
	at org.testng.internal.Invoker.invokeConfigurations(Invoker.java:199)
	at org.testng.internal.Invoker.invokeConfigurations(Invoker.java:138)
	at org.testng.SuiteRunner.privateRun(SuiteRunner.java:277)
	at org.testng.SuiteRunner.run(SuiteRunner.java:240)
	at org.testng.SuiteRunnerWorker.runSuite(SuiteRunnerWorker.java:52)
	at org.testng.SuiteRunnerWorker.run(SuiteRunnerWorker.java:86)
	at org.testng.TestNG.runSuitesSequentially(TestNG.java:1224)
	at org.testng.TestNG.runSuitesLocally(TestNG.java:1149)
	at org.testng.TestNG.run(TestNG.java:1057)
	at org.testng.remote.RemoteTestNG.run(RemoteTestNG.java:111)
	at org.testng.remote.RemoteTestNG.initAndRun(RemoteTestNG.java:204)
	at org.testng.remote.RemoteTestNG.main(RemoteTestNG.java:175)
]]>
    </failure>
  </testcase> <!-- openLocations -->
  <testcase name="openResults" time="0.000" classname="com.theranos.test.theranosios.MenuTest">
    <failure type="org.testng.TestNGException" message="
Parameter &#039;device&#039; is required by @Configuration on method getDevice but has not been marked @Optional or defined
in /private/var/folders/rd/d_5ss7j11ng8kk2k4cjyprjm0000gp/T/testng-eclipse-1866437451/testng-customsuite.xml">
      <![CDATA[org.testng.TestNGException: 
Parameter 'device' is required by @Configuration on method getDevice but has not been marked @Optional or defined
in /private/var/folders/rd/d_5ss7j11ng8kk2k4cjyprjm0000gp/T/testng-eclipse-1866437451/testng-customsuite.xml
	at org.testng.internal.Parameters.createParameters(Parameters.java:155)
	at org.testng.internal.Parameters.createParameters(Parameters.java:358)
	at org.testng.internal.Parameters.createConfigurationParameters(Parameters.java:86)
	at org.testng.internal.Invoker.invokeConfigurations(Invoker.java:199)
	at org.testng.internal.Invoker.invokeConfigurations(Invoker.java:138)
	at org.testng.SuiteRunner.privateRun(SuiteRunner.java:277)
	at org.testng.SuiteRunner.run(SuiteRunner.java:240)
	at org.testng.SuiteRunnerWorker.runSuite(SuiteRunnerWorker.java:52)
	at org.testng.SuiteRunnerWorker.run(SuiteRunnerWorker.java:86)
	at org.testng.TestNG.runSuitesSequentially(TestNG.java:1224)
	at org.testng.TestNG.runSuitesLocally(TestNG.java:1149)
	at org.testng.TestNG.run(TestNG.java:1057)
	at org.testng.remote.RemoteTestNG.run(RemoteTestNG.java:111)
	at org.testng.remote.RemoteTestNG.initAndRun(RemoteTestNG.java:204)
	at org.testng.remote.RemoteTestNG.main(RemoteTestNG.java:175)
]]>
    </failure>
  </testcase> <!-- openResults -->
</testsuite> <!-- com.theranos.test.theranosios.MenuTest -->
