<?xml version="1.0" encoding="UTF-8"?>
<!-- Generated by org.testng.reporters.JUnitReportReporter -->
<testsuite hostname="wm0229pa.theranos.local" name="com.theranos.test.theranosios.BasicInfoTest" tests="3" failures="3" timestamp="3 Apr 2014 18:23:27 GMT" time="0.003" errors="0">
  <testcase name="getTestData" time="0.001" classname="com.theranos.test.theranosios.BasicInfoTest">
    <failure type="org.testng.TestNGException" message="
Parameter &#039;device&#039; is required by @Configuration on method getDevice but has not been marked @Optional or defined
in /private/var/folders/rd/d_5ss7j11ng8kk2k4cjyprjm0000gp/T/testng-eclipse-1866437451/testng-customsuite.xml">
      <![CDATA[org.testng.TestNGException: 
Parameter 'device' is required by @Configuration on method getDevice but has not been marked @Optional or defined
in /private/var/folders/rd/d_5ss7j11ng8kk2k4cjyprjm0000gp/T/testng-eclipse-1866437451/testng-customsuite.xml
	at org.testng.internal.Parameters.createParameters(Parameters.java:155)
	at org.testng.internal.Parameters.createParameters(Parameters.java:358)
	at org.testng.internal.Parameters.createConfigurationParameters(Parameters.java:86)
	at org.testng.internal.Invoker.invokeConfigurations(Invoker.java:199)
	at org.testng.internal.Invoker.invokeConfigurations(Invoker.java:138)
	at org.testng.SuiteRunner.privateRun(SuiteRunner.java:277)
	at org.testng.SuiteRunner.run(SuiteRunner.java:240)
	at org.testng.SuiteRunnerWorker.runSuite(SuiteRunnerWorker.java:52)
	at org.testng.SuiteRunnerWorker.run(SuiteRunnerWorker.java:86)
	at org.testng.TestNG.runSuitesSequentially(TestNG.java:1224)
	at org.testng.TestNG.runSuitesLocally(TestNG.java:1149)
	at org.testng.TestNG.run(TestNG.java:1057)
	at org.testng.remote.RemoteTestNG.run(RemoteTestNG.java:111)
	at org.testng.remote.RemoteTestNG.initAndRun(RemoteTestNG.java:204)
	at org.testng.remote.RemoteTestNG.main(RemoteTestNG.java:175)
]]>
    </failure>
  </testcase> <!-- getTestData -->
  <testcase name="provideBasicInfo" time="0.001" classname="com.theranos.test.theranosios.BasicInfoTest">
    <failure type="org.testng.TestNGException" message="
Parameter &#039;device&#039; is required by @Configuration on method getDevice but has not been marked @Optional or defined
in /private/var/folders/rd/d_5ss7j11ng8kk2k4cjyprjm0000gp/T/testng-eclipse-1866437451/testng-customsuite.xml">
      <![CDATA[org.testng.TestNGException: 
Parameter 'device' is required by @Configuration on method getDevice but has not been marked @Optional or defined
in /private/var/folders/rd/d_5ss7j11ng8kk2k4cjyprjm0000gp/T/testng-eclipse-1866437451/testng-customsuite.xml
	at org.testng.internal.Parameters.createParameters(Parameters.java:155)
	at org.testng.internal.Parameters.createParameters(Parameters.java:358)
	at org.testng.internal.Parameters.createConfigurationParameters(Parameters.java:86)
	at org.testng.internal.Invoker.invokeConfigurations(Invoker.java:199)
	at org.testng.internal.Invoker.invokeConfigurations(Invoker.java:138)
	at org.testng.SuiteRunner.privateRun(SuiteRunner.java:277)
	at org.testng.SuiteRunner.run(SuiteRunner.java:240)
	at org.testng.SuiteRunnerWorker.runSuite(SuiteRunnerWorker.java:52)
	at org.testng.SuiteRunnerWorker.run(SuiteRunnerWorker.java:86)
	at org.testng.TestNG.runSuitesSequentially(TestNG.java:1224)
	at org.testng.TestNG.runSuitesLocally(TestNG.java:1149)
	at org.testng.TestNG.run(TestNG.java:1057)
	at org.testng.remote.RemoteTestNG.run(RemoteTestNG.java:111)
	at org.testng.remote.RemoteTestNG.initAndRun(RemoteTestNG.java:204)
	at org.testng.remote.RemoteTestNG.main(RemoteTestNG.java:175)
]]>
    </failure>
  </testcase> <!-- provideBasicInfo -->
  <testcase name="openBasicInfo" time="0.001" classname="com.theranos.test.theranosios.BasicInfoTest">
    <failure type="org.testng.TestNGException" message="
Parameter &#039;device&#039; is required by @Configuration on method getDevice but has not been marked @Optional or defined
in /private/var/folders/rd/d_5ss7j11ng8kk2k4cjyprjm0000gp/T/testng-eclipse-1866437451/testng-customsuite.xml">
      <![CDATA[org.testng.TestNGException: 
Parameter 'device' is required by @Configuration on method getDevice but has not been marked @Optional or defined
in /private/var/folders/rd/d_5ss7j11ng8kk2k4cjyprjm0000gp/T/testng-eclipse-1866437451/testng-customsuite.xml
	at org.testng.internal.Parameters.createParameters(Parameters.java:155)
	at org.testng.internal.Parameters.createParameters(Parameters.java:358)
	at org.testng.internal.Parameters.createConfigurationParameters(Parameters.java:86)
	at org.testng.internal.Invoker.invokeConfigurations(Invoker.java:199)
	at org.testng.internal.Invoker.invokeConfigurations(Invoker.java:138)
	at org.testng.SuiteRunner.privateRun(SuiteRunner.java:277)
	at org.testng.SuiteRunner.run(SuiteRunner.java:240)
	at org.testng.SuiteRunnerWorker.runSuite(SuiteRunnerWorker.java:52)
	at org.testng.SuiteRunnerWorker.run(SuiteRunnerWorker.java:86)
	at org.testng.TestNG.runSuitesSequentially(TestNG.java:1224)
	at org.testng.TestNG.runSuitesLocally(TestNG.java:1149)
	at org.testng.TestNG.run(TestNG.java:1057)
	at org.testng.remote.RemoteTestNG.run(RemoteTestNG.java:111)
	at org.testng.remote.RemoteTestNG.initAndRun(RemoteTestNG.java:204)
	at org.testng.remote.RemoteTestNG.main(RemoteTestNG.java:175)
]]>
    </failure>
  </testcase> <!-- openBasicInfo -->
</testsuite> <!-- com.theranos.test.theranosios.BasicInfoTest -->
