<?xml version="1.0" encoding="UTF-8"?>
<!-- Generated by org.testng.reporters.JUnitReportReporter -->
<testsuite hostname="wm0229pa.theranos.local" name="com.theranos.test.theranosios.MenuTest" tests="3" failures="0" timestamp="21 Apr 2014 14:29:22 GMT" time="41.209" errors="0">
  <testcase name="openProfile" time="14.510" classname="com.theranos.test.theranosios.MenuTest"/>
  <testcase name="openProfile" time="12.205" classname="com.theranos.test.theranosios.MenuTest"/>
  <testcase name="openHome" time="14.494" classname="com.theranos.test.theranosios.MenuTest"/>
</testsuite> <!-- com.theranos.test.theranosios.MenuTest -->
