<?xml version="1.0" encoding="UTF-8"?>
<!-- Generated by org.testng.reporters.JUnitReportReporter -->
<testsuite hostname="wm0229pa.theranos.local" name="com.theranos.test.theranosios.LoginTest" tests="3" failures="0" timestamp="21 Apr 2014 14:29:22 GMT" time="43.940" errors="0">
  <testcase name="getTestData" time="0.031" classname="com.theranos.test.theranosios.LoginTest"/>
  <testcase name="testLoginpage" time="29.493" classname="com.theranos.test.theranosios.LoginTest"/>
  <testcase name="logInOption" time="14.416" classname="com.theranos.test.theranosios.LoginTest"/>
</testsuite> <!-- com.theranos.test.theranosios.LoginTest -->
