<?xml version="1.0" encoding="UTF-8"?>
<!-- Generated by org.testng.reporters.JUnitReportReporter -->
<testsuite hostname="wm0229pa.theranos.local" name="com.theranos.test.theranosios.base.SetUpTest" tests="1" failures="0" timestamp="18 Apr 2014 22:06:00 GMT" time="0.001" errors="0">
  <testcase name="getLogLocation" time="0.001" classname="com.theranos.test.theranosios.base.SetUpTest"/>
</testsuite> <!-- com.theranos.test.theranosios.base.SetUpTest -->
