<?xml version="1.0" encoding="UTF-8"?>
<!-- Generated by org.testng.reporters.JUnitReportReporter -->
<testsuite hostname="wm0229pa.theranos.local" name="com.theranos.test.theranosios.BasicInfoTest" tests="3" failures="0" timestamp="21 Apr 2014 14:29:22 GMT" time="244.515" errors="0">
  <testcase name="getTestData" time="0.020" classname="com.theranos.test.theranosios.BasicInfoTest"/>
  <testcase name="provideBasicInfo" time="229.825" classname="com.theranos.test.theranosios.BasicInfoTest"/>
  <testcase name="openBasicInfo" time="14.670" classname="com.theranos.test.theranosios.BasicInfoTest"/>
</testsuite> <!-- com.theranos.test.theranosios.BasicInfoTest -->
