<?xml version="1.0" encoding="UTF-8"?>
<!-- Generated by org.testng.reporters.JUnitReportReporter -->
<testsuite hostname="wm0229pa.theranos.local" name="com.theranos.test.theranosios.LoginTest" tests="3" failures="0" timestamp="18 Apr 2014 22:06:00 GMT" time="43.747" errors="0">
  <testcase name="logInOption" time="13.541" classname="com.theranos.test.theranosios.LoginTest"/>
  <testcase name="getTestData" time="0.043" classname="com.theranos.test.theranosios.LoginTest"/>
  <testcase name="testLoginpage" time="30.163" classname="com.theranos.test.theranosios.LoginTest"/>
</testsuite> <!-- com.theranos.test.theranosios.LoginTest -->
