<?xml version="1.0" encoding="UTF-8"?>
<!-- Generated by org.testng.reporters.JUnitReportReporter -->
<testsuite hostname="wm0229pa.theranos.local" name="com.theranos.test.theranosios.InsuranceTest" tests="2" failures="0" timestamp="18 Apr 2014 22:06:00 GMT" time="16.562" errors="0">
  <testcase name="openInsurancePage" time="16.544" classname="com.theranos.test.theranosios.InsuranceTest"/>
  <testcase name="getTestData" time="0.018" classname="com.theranos.test.theranosios.InsuranceTest"/>
</testsuite> <!-- com.theranos.test.theranosios.InsuranceTest -->
