<?xml version="1.0" encoding="UTF-8"?>
<!-- Generated by org.testng.reporters.JUnitReportReporter -->
<testsuite hostname="wm0229pa.theranos.local" name="com.theranos.test.theranosios.MenuTest" tests="10" failures="0" timestamp="18 Apr 2014 22:06:00 GMT" time="157.080" errors="0">
  <testcase name="openAppointments" time="14.783" classname="com.theranos.test.theranosios.MenuTest"/>
  <testcase name="openLocations" time="12.459" classname="com.theranos.test.theranosios.MenuTest"/>
  <testcase name="openAbout" time="10.372" classname="com.theranos.test.theranosios.MenuTest"/>
  <testcase name="openProfile" time="15.204" classname="com.theranos.test.theranosios.MenuTest"/>
  <testcase name="openResults" time="14.859" classname="com.theranos.test.theranosios.MenuTest"/>
  <testcase name="openProfile" time="14.945" classname="com.theranos.test.theranosios.MenuTest"/>
  <testcase name="openSettings" time="29.186" classname="com.theranos.test.theranosios.MenuTest"/>
  <testcase name="openLabOrders" time="15.136" classname="com.theranos.test.theranosios.MenuTest"/>
  <testcase name="openHome" time="14.939" classname="com.theranos.test.theranosios.MenuTest"/>
  <testcase name="openHome" time="15.197" classname="com.theranos.test.theranosios.MenuTest"/>
</testsuite> <!-- com.theranos.test.theranosios.MenuTest -->
