<?xml version="1.0" encoding="UTF-8"?>
<!-- Generated by org.testng.reporters.JUnitReportReporter -->
<testsuite hostname="wm0229pa.theranos.local" name="com.theranos.test.theranosios.InsuranceTest" tests="4" failures="0" timestamp="21 Apr 2014 14:29:22 GMT" time="530.733" errors="0">
  <testcase name="addInsuranceInfo" time="31.040" classname="com.theranos.test.theranosios.InsuranceTest"/>
  <testcase name="enterInsuranceInfo" time="422.716" classname="com.theranos.test.theranosios.InsuranceTest"/>
  <testcase name="getTestData" time="14.749" classname="com.theranos.test.theranosios.InsuranceTest"/>
  <testcase name="addNewInsurance" time="62.228" classname="com.theranos.test.theranosios.InsuranceTest"/>
</testsuite> <!-- com.theranos.test.theranosios.InsuranceTest -->
